g:\computer science\csce 4215\programs\box2d\build\vs2012\bin\debug\box2d.lib
g:\computer science\csce 4215\programs\box2d\build\vs2012\bin\debug\box2d.pdb
g:\computer science\csce 4215\programs\box2d\build\vs2012\bin\debug\box2d.idb
g:\computer science\csce 4215\programs\box2d\build\vs2012\obj\x32\debug\box2d\b2chainandpolygoncontact.obj
g:\computer science\csce 4215\programs\box2d\build\vs2012\obj\x32\debug\box2d\b2circlecontact.obj
g:\computer science\csce 4215\programs\box2d\build\vs2012\obj\x32\debug\box2d\b2contact.obj
g:\computer science\csce 4215\programs\box2d\build\vs2012\obj\x32\debug\box2d\b2contactsolver.obj
g:\computer science\csce 4215\programs\box2d\build\vs2012\obj\x32\debug\box2d\b2edgeandcirclecontact.obj
g:\computer science\csce 4215\programs\box2d\build\vs2012\obj\x32\debug\box2d\b2edgeandpolygoncontact.obj
g:\computer science\csce 4215\programs\box2d\build\vs2012\obj\x32\debug\box2d\b2polygonandcirclecontact.obj
g:\computer science\csce 4215\programs\box2d\build\vs2012\obj\x32\debug\box2d\b2polygoncontact.obj
g:\computer science\csce 4215\programs\box2d\build\vs2012\obj\x32\debug\box2d\b2distancejoint.obj
g:\computer science\csce 4215\programs\box2d\build\vs2012\obj\x32\debug\box2d\b2frictionjoint.obj
g:\computer science\csce 4215\programs\box2d\build\vs2012\obj\x32\debug\box2d\b2gearjoint.obj
g:\computer science\csce 4215\programs\box2d\build\vs2012\obj\x32\debug\box2d\b2joint.obj
g:\computer science\csce 4215\programs\box2d\build\vs2012\obj\x32\debug\box2d\b2motorjoint.obj
g:\computer science\csce 4215\programs\box2d\build\vs2012\obj\x32\debug\box2d\b2mousejoint.obj
g:\computer science\csce 4215\programs\box2d\build\vs2012\obj\x32\debug\box2d\b2prismaticjoint.obj
g:\computer science\csce 4215\programs\box2d\build\vs2012\obj\x32\debug\box2d\b2pulleyjoint.obj
g:\computer science\csce 4215\programs\box2d\build\vs2012\obj\x32\debug\box2d\b2revolutejoint.obj
g:\computer science\csce 4215\programs\box2d\build\vs2012\obj\x32\debug\box2d\b2ropejoint.obj
g:\computer science\csce 4215\programs\box2d\build\vs2012\obj\x32\debug\box2d\b2weldjoint.obj
g:\computer science\csce 4215\programs\box2d\build\vs2012\obj\x32\debug\box2d\b2wheeljoint.obj
g:\computer science\csce 4215\programs\box2d\build\vs2012\obj\x32\debug\box2d\b2distance.obj
g:\computer science\csce 4215\programs\box2d\build\vs2012\obj\x32\debug\box2d\b2dynamictree.obj
g:\computer science\csce 4215\programs\box2d\build\vs2012\obj\x32\debug\box2d\b2timeofimpact.obj
g:\computer science\csce 4215\programs\box2d\build\vs2012\obj\x32\debug\box2d\b2chainshape.obj
g:\computer science\csce 4215\programs\box2d\build\vs2012\obj\x32\debug\box2d\b2circleshape.obj
g:\computer science\csce 4215\programs\box2d\build\vs2012\obj\x32\debug\box2d\b2edgeshape.obj
g:\computer science\csce 4215\programs\box2d\build\vs2012\obj\x32\debug\box2d\b2polygonshape.obj
g:\computer science\csce 4215\programs\box2d\build\vs2012\obj\x32\debug\box2d\b2blockallocator.obj
g:\computer science\csce 4215\programs\box2d\build\vs2012\obj\x32\debug\box2d\b2draw.obj
g:\computer science\csce 4215\programs\box2d\build\vs2012\obj\x32\debug\box2d\b2math.obj
g:\computer science\csce 4215\programs\box2d\build\vs2012\obj\x32\debug\box2d\b2settings.obj
g:\computer science\csce 4215\programs\box2d\build\vs2012\obj\x32\debug\box2d\b2stackallocator.obj
g:\computer science\csce 4215\programs\box2d\build\vs2012\obj\x32\debug\box2d\b2timer.obj
g:\computer science\csce 4215\programs\box2d\build\vs2012\obj\x32\debug\box2d\b2body.obj
g:\computer science\csce 4215\programs\box2d\build\vs2012\obj\x32\debug\box2d\b2contactmanager.obj
g:\computer science\csce 4215\programs\box2d\build\vs2012\obj\x32\debug\box2d\b2fixture.obj
g:\computer science\csce 4215\programs\box2d\build\vs2012\obj\x32\debug\box2d\b2island.obj
g:\computer science\csce 4215\programs\box2d\build\vs2012\obj\x32\debug\box2d\b2world.obj
g:\computer science\csce 4215\programs\box2d\build\vs2012\obj\x32\debug\box2d\b2worldcallbacks.obj
g:\computer science\csce 4215\programs\box2d\build\vs2012\obj\x32\debug\box2d\b2chainandcirclecontact.obj
g:\computer science\csce 4215\programs\box2d\build\vs2012\obj\x32\debug\box2d\b2broadphase.obj
g:\computer science\csce 4215\programs\box2d\build\vs2012\obj\x32\debug\box2d\b2collidecircle.obj
g:\computer science\csce 4215\programs\box2d\build\vs2012\obj\x32\debug\box2d\b2collideedge.obj
g:\computer science\csce 4215\programs\box2d\build\vs2012\obj\x32\debug\box2d\b2collidepolygon.obj
g:\computer science\csce 4215\programs\box2d\build\vs2012\obj\x32\debug\box2d\b2collision.obj
g:\computer science\csce 4215\programs\box2d\build\vs2012\obj\x32\debug\box2d\box2d.tlog\cl.command.1.tlog
g:\computer science\csce 4215\programs\box2d\build\vs2012\obj\x32\debug\box2d\box2d.tlog\lib.command.1.tlog
g:\computer science\csce 4215\programs\box2d\build\vs2012\obj\x32\debug\box2d\box2d.tlog\cl.read.1.tlog
g:\computer science\csce 4215\programs\box2d\build\vs2012\obj\x32\debug\box2d\box2d.tlog\lib-link.read.1.tlog
g:\computer science\csce 4215\programs\box2d\build\vs2012\obj\x32\debug\box2d\box2d.tlog\lib-link.write.1.tlog
g:\computer science\csce 4215\programs\box2d\build\vs2012\obj\x32\debug\box2d\box2d.tlog\cl.write.1.tlog
